<?xml version="1.0" encoding="utf-8"?><testsuites name="pytest tests"><testsuite name="pytest" errors="0" failures="0" skipped="0" tests="15" time="6.830" timestamp="2026-08-20T14:42:57.897036+00:00" hostname="agent-env-5c450863-b9e9-4caa-9d79-0c031057fa73"><testcase classname="tests.test_boarding_scan.TestBoardingRequests" name="test_create_valid" time="2.598" /><testcase classname="tests.test_boarding_scan.TestBoardingRequests" name="test_duplicate_returns_same" time="0.456" /><testcase classname="tests.test_boarding_scan.TestBoardingRequests" name="test_bad_stop" time="0.303" /><testcase classname="tests.test_boarding_scan.TestBoardingRequests" name="test_no_active_trip" time="0.238" /><testcase classname="tests.test_boarding_scan.TestBoardingRequests" name="test_driver_own_list" time="0.160" /><testcase classname="tests.test_boarding_scan.TestBoardingRequests" name="test_other_driver_forbidden" time="0.176" /><testcase classname="tests.test_boarding_scan.TestBoardingRequests" name="test_student_sees_only_own" time="0.130" /><testcase classname="tests.test_boarding_scan.TestBoardingRequests" name="test_acknowledge_flips_status" time="0.433" /><testcase classname="tests.test_boarding_scan.TestBoardingRequests" name="test_ack_forbidden_for_student" time="0.154" /><testcase classname="tests.test_boarding_scan.TestScan" name="test_invalid_bus" time="0.187" /><testcase classname="tests.test_boarding_scan.TestScan" name="test_scan_and_duplicate" time="0.490" /><testcase classname="tests.test_boarding_scan.TestScan" name="test_bus_without_active_trip" time="0.404" /><testcase classname="tests.test_boarding_scan.TestScan" name="test_trip_attendance_driver" time="0.143" /><testcase classname="tests.test_boarding_scan.TestScan" name="test_trip_attendance_other_driver_forbidden" time="0.128" /><testcase classname="tests.test_boarding_scan.TestScan" name="test_trip_attendance_admin" time="0.779" /></testsuite></testsuites>